Determining if the pthread_create exist failed with the following output:
Change Dir: /home/pf/MY_projects/Bin2ros_ws/build/CMakeFiles/CMakeTmp

Run Build Command:"/usr/bin/make" "cmTC_52f56/fast"
/usr/bin/make -f CMakeFiles/cmTC_52f56.dir/build.make CMakeFiles/cmTC_52f56.dir/build
make[1]: 进入目录“/home/pf/MY_projects/Bin2ros_ws/build/CMakeFiles/CMakeTmp”
Building C object CMakeFiles/cmTC_52f56.dir/CheckSymbolExists.c.o
/usr/bin/cc    -o CMakeFiles/cmTC_52f56.dir/CheckSymbolExists.c.o   -c /home/pf/MY_projects/Bin2ros_ws/build/CMakeFiles/CMakeTmp/CheckSymbolExists.c
Linking C executable cmTC_52f56
/usr/bin/cmake -E cmake_link_script CMakeFiles/cmTC_52f56.dir/link.txt --verbose=1
/usr/bin/cc      -rdynamic CMakeFiles/cmTC_52f56.dir/CheckSymbolExists.c.o  -o cmTC_52f56 
CMakeFiles/cmTC_52f56.dir/CheckSymbolExists.c.o：在函数‘main’中：
CheckSymbolExists.c:(.text+0x1b)：对‘pthread_create’未定义的引用
collect2: error: ld returned 1 exit status
CMakeFiles/cmTC_52f56.dir/build.make:97: recipe for target 'cmTC_52f56' failed
make[1]: *** [cmTC_52f56] Error 1
make[1]: 离开目录“/home/pf/MY_projects/Bin2ros_ws/build/CMakeFiles/CMakeTmp”
Makefile:126: recipe for target 'cmTC_52f56/fast' failed
make: *** [cmTC_52f56/fast] Error 2

File /home/pf/MY_projects/Bin2ros_ws/build/CMakeFiles/CMakeTmp/CheckSymbolExists.c:
/* */
#include <pthread.h>

int main(int argc, char** argv)
{
  (void)argv;
#ifndef pthread_create
  return ((int*)(&pthread_create))[argc];
#else
  (void)argc;
  return 0;
#endif
}

Determining if the function pthread_create exists in the pthreads failed with the following output:
Change Dir: /home/pf/MY_projects/Bin2ros_ws/build/CMakeFiles/CMakeTmp

Run Build Command:"/usr/bin/make" "cmTC_38a56/fast"
/usr/bin/make -f CMakeFiles/cmTC_38a56.dir/build.make CMakeFiles/cmTC_38a56.dir/build
make[1]: 进入目录“/home/pf/MY_projects/Bin2ros_ws/build/CMakeFiles/CMakeTmp”
Building C object CMakeFiles/cmTC_38a56.dir/CheckFunctionExists.c.o
/usr/bin/cc   -DCHECK_FUNCTION_EXISTS=pthread_create   -o CMakeFiles/cmTC_38a56.dir/CheckFunctionExists.c.o   -c /usr/share/cmake-3.10/Modules/CheckFunctionExists.c
Linking C executable cmTC_38a56
/usr/bin/cmake -E cmake_link_script CMakeFiles/cmTC_38a56.dir/link.txt --verbose=1
/usr/bin/cc  -DCHECK_FUNCTION_EXISTS=pthread_create    -rdynamic CMakeFiles/cmTC_38a56.dir/CheckFunctionExists.c.o  -o cmTC_38a56 -lpthreads 
/usr/bin/ld: 找不到 -lpthreads
collect2: error: ld returned 1 exit status
CMakeFiles/cmTC_38a56.dir/build.make:97: recipe for target 'cmTC_38a56' failed
make[1]: *** [cmTC_38a56] Error 1
make[1]: 离开目录“/home/pf/MY_projects/Bin2ros_ws/build/CMakeFiles/CMakeTmp”
Makefile:126: recipe for target 'cmTC_38a56/fast' failed
make: *** [cmTC_38a56/fast] Error 2


